23:53:13 **** Clean-only build of configuration Debug for project ADC ****
make clean 
Cannot run program "make": Launching failed

Error: Program "make" not found in PATH
PATH=[C:/ti/ccs1030/ccs/eclipse/jre/bin/server;C:/ti/ccs1030/ccs/eclipse/jre/bin;C:/ti/ccs1030/ccs/eclipse/jre/lib/amd64;C:\Program Files\Common Files\Oracle\Java\javapath;C:\Program Files (x86)\Common Files\Oracle\Java\javapath;C:\WINDOWS\system32;C:\WINDOWS;C:\WINDOWS\System32\Wbem;C:\WINDOWS\System32\WindowsPowerShell\v1.0\;C:\WINDOWS\System32\OpenSSH\;C:\Program Files (x86)\ATI Technologies\ATI.ACE\Core-Static;C:\Program Files (x86)\Brackets\command;C:\Program Files\MATLAB\R2020b\bin;C:\Aldec\Active-HDL-Student-Edition\bin;C:\Program Files\nodejs\;C:\Program Files\Docker\Docker\resources\bin;C:\ProgramData\DockerDesktop\version-bin;C:\Program Files\Git\cmd;C:\Users\pc\AppData\Local\Microsoft\WindowsApps;C:\Users\pc\AppData\Roaming\Dashlane\6.2024.0.35745\bin\Firefox_Extension\{442718d9-475e-452a-b3e1-fb1ee16b8e9f}\components;C:\Users\pc\AppData\Roaming\Dashlane\6.2024.0.35745\ucrt;C:\Users\pc\AppData\Roaming\Dashlane\6.2024.0.35745\bin\Qt;C:\Users\pc\AppData\Roaming\Dashlane\6.2024.0.35745\bin\Ssl;C:\Users\pc\AppData\Local\GitHubDesktop\bin;C:\Users\pc\AppData\Local\Programs\Microsoft VS Code\bin;C:\Modeltech_pe_edu_10.4a\win32pe_edu;C:\Users\pc\AppData\Local\Microsoft\WindowsApps;C:\Users\pc\AppData\Roaming\npm;C:\Program Files\IBM\Cloud\bin;C:\ti\ccs1030\ccs\eclipse]

**** Build of configuration Debug for project ADC ****

Nothing to build for project ADC
23:54:01 **** Clean-only build of configuration Debug for project ADC ****
make clean 
Cannot run program "make": Launching failed

Error: Program "make" not found in PATH
PATH=[C:/ti/ccs1030/ccs/eclipse/jre/bin/server;C:/ti/ccs1030/ccs/eclipse/jre/bin;C:/ti/ccs1030/ccs/eclipse/jre/lib/amd64;C:\Program Files\Common Files\Oracle\Java\javapath;C:\Program Files (x86)\Common Files\Oracle\Java\javapath;C:\WINDOWS\system32;C:\WINDOWS;C:\WINDOWS\System32\Wbem;C:\WINDOWS\System32\WindowsPowerShell\v1.0\;C:\WINDOWS\System32\OpenSSH\;C:\Program Files (x86)\ATI Technologies\ATI.ACE\Core-Static;C:\Program Files (x86)\Brackets\command;C:\Program Files\MATLAB\R2020b\bin;C:\Aldec\Active-HDL-Student-Edition\bin;C:\Program Files\nodejs\;C:\Program Files\Docker\Docker\resources\bin;C:\ProgramData\DockerDesktop\version-bin;C:\Program Files\Git\cmd;C:\Users\pc\AppData\Local\Microsoft\WindowsApps;C:\Users\pc\AppData\Roaming\Dashlane\6.2024.0.35745\bin\Firefox_Extension\{442718d9-475e-452a-b3e1-fb1ee16b8e9f}\components;C:\Users\pc\AppData\Roaming\Dashlane\6.2024.0.35745\ucrt;C:\Users\pc\AppData\Roaming\Dashlane\6.2024.0.35745\bin\Qt;C:\Users\pc\AppData\Roaming\Dashlane\6.2024.0.35745\bin\Ssl;C:\Users\pc\AppData\Local\GitHubDesktop\bin;C:\Users\pc\AppData\Local\Programs\Microsoft VS Code\bin;C:\Modeltech_pe_edu_10.4a\win32pe_edu;C:\Users\pc\AppData\Local\Microsoft\WindowsApps;C:\Users\pc\AppData\Roaming\npm;C:\Program Files\IBM\Cloud\bin;C:\ti\ccs1030\ccs\eclipse]

**** Build of configuration Debug for project ADC ****

Nothing to build for project ADC
23:54:13 **** Clean-only build of configuration Debug for project ADC ****
make clean 
Cannot run program "make": Launching failed

Error: Program "make" not found in PATH
PATH=[C:/ti/ccs1030/ccs/eclipse/jre/bin/server;C:/ti/ccs1030/ccs/eclipse/jre/bin;C:/ti/ccs1030/ccs/eclipse/jre/lib/amd64;C:\Program Files\Common Files\Oracle\Java\javapath;C:\Program Files (x86)\Common Files\Oracle\Java\javapath;C:\WINDOWS\system32;C:\WINDOWS;C:\WINDOWS\System32\Wbem;C:\WINDOWS\System32\WindowsPowerShell\v1.0\;C:\WINDOWS\System32\OpenSSH\;C:\Program Files (x86)\ATI Technologies\ATI.ACE\Core-Static;C:\Program Files (x86)\Brackets\command;C:\Program Files\MATLAB\R2020b\bin;C:\Aldec\Active-HDL-Student-Edition\bin;C:\Program Files\nodejs\;C:\Program Files\Docker\Docker\resources\bin;C:\ProgramData\DockerDesktop\version-bin;C:\Program Files\Git\cmd;C:\Users\pc\AppData\Local\Microsoft\WindowsApps;C:\Users\pc\AppData\Roaming\Dashlane\6.2024.0.35745\bin\Firefox_Extension\{442718d9-475e-452a-b3e1-fb1ee16b8e9f}\components;C:\Users\pc\AppData\Roaming\Dashlane\6.2024.0.35745\ucrt;C:\Users\pc\AppData\Roaming\Dashlane\6.2024.0.35745\bin\Qt;C:\Users\pc\AppData\Roaming\Dashlane\6.2024.0.35745\bin\Ssl;C:\Users\pc\AppData\Local\GitHubDesktop\bin;C:\Users\pc\AppData\Local\Programs\Microsoft VS Code\bin;C:\Modeltech_pe_edu_10.4a\win32pe_edu;C:\Users\pc\AppData\Local\Microsoft\WindowsApps;C:\Users\pc\AppData\Roaming\npm;C:\Program Files\IBM\Cloud\bin;C:\ti\ccs1030\ccs\eclipse]

**** Build of configuration Debug for project ADC ****

Nothing to build for project ADC

**** Clean-only build of configuration Debug for project ADC ****

"C:\\ti\\ccs1030\\ccs\\utils\\bin\\gmake" -k -j 4 clean -O 
 
rm -rf  "ADC.hex"  "ADC.out" 
rm -rf "main.obj" "startup_ccs.obj" 
rm -rf "main.d" "startup_ccs.d" 
process_begin: CreateProcess(NULL, rm -rf ADC.hex ADC.out, ...) failed.
 
process_begin: CreateProcess(NULL, rm -rf main.obj startup_ccs.obj, ...) failed.
 
process_begin: CreateProcess(NULL, rm -rf main.d startup_ccs.d, ...) failed.
 
Finished clean
 

**** Build Finished ****

**** Build of configuration Debug for project ADC ****

"C:\\ti\\ccs1030\\ccs\\utils\\bin\\gmake" -k -j 4 all -O 
 
Building file: "../main.c"
Invoking: ARM Compiler
"C:/ti/ccs1030/ccs/tools/compiler/ti-cgt-arm_20.2.4.LTS/bin/armcl" -mv7M4 --code_state=16 --float_support=FPv4SPD16 -me --include_path="C:/Users/pc/OneDrive/Documents/SemesterFour/Microcontroller/TIMERSwithGPTM/ADC.zip_expanded/ADC" --include_path="/Applications/ti/SW-TM4C-2.1.4.178" --include_path="C:/ti/ccs1030/ccs/tools/compiler/ti-cgt-arm_20.2.4.LTS/include" --define=ccs="ccs" --define=PART_TM4C1294NCPDT -g --gcc --diag_warning=225 --diag_wrap=off --display_error_number --abi=eabi --preproc_with_compile --preproc_dependency="main.d_raw"  "../main.c"
 
>> Compilation failure
subdir_rules.mk:9: recipe for target 'main.obj' failed
"../main.c", line 10: fatal error #1965: cannot open source file "inc/tm4c1294ncpdt.h"
1 catastrophic error detected in the compilation of "../main.c".
Compilation terminated.
gmake: *** [main.obj] Error 1
Building file: "../startup_ccs.c"
Invoking: ARM Compiler
"C:/ti/ccs1030/ccs/tools/compiler/ti-cgt-arm_20.2.4.LTS/bin/armcl" -mv7M4 --code_state=16 --float_support=FPv4SPD16 -me --include_path="C:/Users/pc/OneDrive/Documents/SemesterFour/Microcontroller/TIMERSwithGPTM/ADC.zip_expanded/ADC" --include_path="/Applications/ti/SW-TM4C-2.1.4.178" --include_path="C:/ti/ccs1030/ccs/tools/compiler/ti-cgt-arm_20.2.4.LTS/include" --define=ccs="ccs" --define=PART_TM4C1294NCPDT -g --gcc --diag_warning=225 --diag_wrap=off --display_error_number --abi=eabi --preproc_with_compile --preproc_dependency="startup_ccs.d_raw"  "../startup_ccs.c"
Finished building: "../startup_ccs.c"
 
gmake: Target 'all' not remade because of errors.

**** Build Finished ****

**** Build of configuration Debug for project ADC ****

"C:\\ti\\ccs1030\\ccs\\utils\\bin\\gmake" -k -j 4 all -O 
 
Building file: "../main.c"
Invoking: ARM Compiler
"C:/ti/ccs1030/ccs/tools/compiler/ti-cgt-arm_20.2.4.LTS/bin/armcl" -mv7M4 --code_state=16 --float_support=FPv4SPD16 -me --include_path="C:/Users/pc/OneDrive/Documents/SemesterFour/Microcontroller/TIMERSwithGPTM/ADC.zip_expanded/ADC" --include_path="C:/Applications/ti/SW-TM4C-2.1.4.178" --include_path="C:/ti/ccs1030/ccs/tools/compiler/ti-cgt-arm_20.2.4.LTS/include" --define=ccs="ccs" --define=PART_TM4C1294NCPDT -g --gcc --diag_warning=225 --diag_wrap=off --display_error_number --abi=eabi --preproc_with_compile --preproc_dependency="main.d_raw"  "../main.c"
 
>> Compilation failure
subdir_rules.mk:9: recipe for target 'main.obj' failed
"../main.c", line 10: fatal error #1965: cannot open source file "inc/tm4c1294ncpdt.h"
1 catastrophic error detected in the compilation of "../main.c".
Compilation terminated.
gmake: *** [main.obj] Error 1
gmake: Target 'all' not remade because of errors.

**** Build Finished ****

**** Build of configuration Debug for project ADC ****

"C:\\ti\\ccs1030\\ccs\\utils\\bin\\gmake" -k -j 4 all -O 
 
Building file: "../main.c"
Invoking: ARM Compiler
"C:/ti/ccs1030/ccs/tools/compiler/ti-cgt-arm_20.2.4.LTS/bin/armcl" -mv7M4 --code_state=16 --float_support=FPv4SPD16 -me --include_path="C:/Users/pc/OneDrive/Documents/SemesterFour/Microcontroller/TIMERSwithGPTM/ADC.zip_expanded/ADC" --include_path="C:/Applications/ti/SW-TM4C-2.1.4.178" --include_path="C:/ti/ccs1030/ccs/tools/compiler/ti-cgt-arm_20.2.4.LTS/include" --define=ccs="ccs" --define=PART_TM4C1294NCPDT -g --gcc --diag_warning=225 --diag_wrap=off --display_error_number --abi=eabi --preproc_with_compile --preproc_dependency="main.d_raw"  "../main.c"
 
>> Compilation failure
subdir_rules.mk:9: recipe for target 'main.obj' failed
"../main.c", line 10: fatal error #1965: cannot open source file "inc/tm4c1294ncpdt.h"
1 catastrophic error detected in the compilation of "../main.c".
Compilation terminated.
gmake: *** [main.obj] Error 1
gmake: Target 'all' not remade because of errors.

**** Build Finished ****

**** Build of configuration Debug for project ADC ****

"C:\\ti\\ccs1030\\ccs\\utils\\bin\\gmake" -k -j 4 all -O 
 
Building file: "../main.c"
Invoking: ARM Compiler
"C:/ti/ccs1030/ccs/tools/compiler/ti-cgt-arm_20.2.4.LTS/bin/armcl" -mv7M4 --code_state=16 --float_support=FPv4SPD16 -me --include_path="C:/Users/pc/OneDrive/Documents/SemesterFour/Microcontroller/TIMERSwithGPTM/ADC.zip_expanded/ADC" --include_path="C:/Users/pc/ti" --include_path="C:/ti/ccs1030/ccs/tools/compiler/ti-cgt-arm_20.2.4.LTS/include" --define=ccs="ccs" --define=PART_TM4C1294NCPDT -g --gcc --diag_warning=225 --diag_wrap=off --display_error_number --abi=eabi --preproc_with_compile --preproc_dependency="main.d_raw"  "../main.c"
 
>> Compilation failure
subdir_rules.mk:9: recipe for target 'main.obj' failed
"../main.c", line 10: fatal error #1965: cannot open source file "inc/tm4c1294ncpdt.h"
1 catastrophic error detected in the compilation of "../main.c".
Compilation terminated.
gmake: *** [main.obj] Error 1
gmake: Target 'all' not remade because of errors.

**** Build Finished ****

**** Build of configuration Debug for project ADC ****

"C:\\ti\\ccs1030\\ccs\\utils\\bin\\gmake" -k -j 4 all -O 
 
Building file: "../main.c"
Invoking: ARM Compiler
"C:/ti/ccs1030/ccs/tools/compiler/ti-cgt-arm_20.2.4.LTS/bin/armcl" -mv7M4 --code_state=16 --float_support=FPv4SPD16 -me --include_path="C:/Users/pc/OneDrive/Documents/SemesterFour/Microcontroller/TIMERSwithGPTM/ADC.zip_expanded/ADC" --include_path="C:/Users/pc/ti" --include_path="C:/ti/ccs1030/ccs/tools/compiler/ti-cgt-arm_20.2.4.LTS/include" --define=ccs="ccs" --define=PART_TM4C1294NCPDT -g --gcc --diag_warning=225 --diag_wrap=off --display_error_number --abi=eabi --preproc_with_compile --preproc_dependency="main.d_raw"  "../main.c"
 
>> Compilation failure
subdir_rules.mk:9: recipe for target 'main.obj' failed
"../main.c", line 10: fatal error #1965: cannot open source file "inc/tm4c1294ncpdt.h"
1 catastrophic error detected in the compilation of "../main.c".
Compilation terminated.
gmake: *** [main.obj] Error 1
gmake: Target 'all' not remade because of errors.

**** Build Finished ****

**** Build of configuration Debug for project ADC ****

"C:\\ti\\ccs1030\\ccs\\utils\\bin\\gmake" -k -j 4 all -O 
 
Building file: "../main.c"
Invoking: ARM Compiler
"C:/ti/ccs1030/ccs/tools/compiler/ti-cgt-arm_20.2.4.LTS/bin/armcl" -mv7M4 --code_state=16 --float_support=FPv4SPD16 -me --include_path="C:/Users/pc/OneDrive/Documents/SemesterFour/Microcontroller/TIMERSwithGPTM/ADC.zip_expanded/ADC" --include_path="C:/Users/pc/ti" --include_path="C:/ti/ccs1030/ccs/tools/compiler/ti-cgt-arm_20.2.4.LTS/include" --define=ccs="ccs" --define=PART_TM4C1294NCPDT -g --gcc --diag_warning=225 --diag_wrap=off --display_error_number --abi=eabi --preproc_with_compile --preproc_dependency="main.d_raw"  "../main.c"
 
>> Compilation failure
subdir_rules.mk:9: recipe for target 'main.obj' failed
"../main.c", line 10: fatal error #1965: cannot open source file "inc/tm4c1294ncpdt.h"
1 catastrophic error detected in the compilation of "../main.c".
Compilation terminated.
gmake: *** [main.obj] Error 1
gmake: Target 'all' not remade because of errors.

**** Build Finished ****

**** Clean-only build of configuration Debug for project ADC ****

"C:\\ti\\ccs1030\\ccs\\utils\\bin\\gmake" -k -j 4 clean -O 
 
DEL /F  "ADC.hex"  "ADC.out" 
DEL /F "main.obj" "startup_ccs.obj" 
DEL /F "main.d" "startup_ccs.d" 
Could Not Find C:\Users\pc\OneDrive\Documents\SemesterFour\Microcontroller\TIMERSwithGPTM\ADC.zip_expanded\ADC\Debug\ADC.hex
Finished clean
 

**** Build Finished ****

**** Build of configuration Debug for project ADC ****

"C:\\ti\\ccs1030\\ccs\\utils\\bin\\gmake" -k -j 4 all -O 
 
Building file: "../main.c"
Invoking: Arm Compiler
"C:/ti/ccs1030/ccs/tools/compiler/ti-cgt-arm_20.2.4.LTS/bin/armcl" -mv7M4 --code_state=16 --float_support=FPv4SPD16 -me --include_path="C:/Users/pc/OneDrive/Documents/SemesterFour/Microcontroller/TIMERSwithGPTM/ADC.zip_expanded/ADC" --include_path="C:/Users/pc/ti" --include_path="C:/ti/ccs1030/ccs/tools/compiler/ti-cgt-arm_20.2.4.LTS/include" --define=ccs="ccs" --define=PART_TM4C1294NCPDT -g --gcc --diag_warning=225 --diag_wrap=off --display_error_number --abi=eabi --preproc_with_compile --preproc_dependency="main.d_raw"  "../main.c"
 
>> Compilation failure
subdir_rules.mk:9: recipe for target 'main.obj' failed
"../main.c", line 10: fatal error #1965: cannot open source file "inc/tm4c1294ncpdt.h"
1 catastrophic error detected in the compilation of "../main.c".
Compilation terminated.
gmake: *** [main.obj] Error 1
Building file: "../startup_ccs.c"
Invoking: Arm Compiler
"C:/ti/ccs1030/ccs/tools/compiler/ti-cgt-arm_20.2.4.LTS/bin/armcl" -mv7M4 --code_state=16 --float_support=FPv4SPD16 -me --include_path="C:/Users/pc/OneDrive/Documents/SemesterFour/Microcontroller/TIMERSwithGPTM/ADC.zip_expanded/ADC" --include_path="C:/Users/pc/ti" --include_path="C:/ti/ccs1030/ccs/tools/compiler/ti-cgt-arm_20.2.4.LTS/include" --define=ccs="ccs" --define=PART_TM4C1294NCPDT -g --gcc --diag_warning=225 --diag_wrap=off --display_error_number --abi=eabi --preproc_with_compile --preproc_dependency="startup_ccs.d_raw"  "../startup_ccs.c"
Finished building: "../startup_ccs.c"
 
gmake: Target 'all' not remade because of errors.

**** Build Finished ****

**** Build of configuration Debug for project ADC ****

"C:\\ti\\ccs1030\\ccs\\utils\\bin\\gmake" -k -j 4 all -O 
 
Building file: "../main.c"
Invoking: Arm Compiler
"C:/ti/ccs1030/ccs/tools/compiler/ti-cgt-arm_20.2.4.LTS/bin/armcl" -mv7M4 --code_state=16 --float_support=FPv4SPD16 -me --include_path="C:/Users/pc/OneDrive/Documents/SemesterFour/Microcontroller/TIMERSwithGPTM/ADC.zip_expanded/ADC" --include_path="C:/Users/pc/ti" --include_path="C:/ti/ccs1030/ccs/tools/compiler/ti-cgt-arm_20.2.4.LTS/include" --define=ccs="ccs" --define=PART_TM4C1294NCPDT -g --gcc --diag_warning=225 --diag_wrap=off --display_error_number --abi=eabi --preproc_with_compile --preproc_dependency="main.d_raw"  "../main.c"
 
>> Compilation failure
subdir_rules.mk:9: recipe for target 'main.obj' failed
"../main.c", line 10: fatal error #1965: cannot open source file "inc/tm4c1294ncpdt.h"
1 catastrophic error detected in the compilation of "../main.c".
Compilation terminated.
gmake: *** [main.obj] Error 1
gmake: Target 'all' not remade because of errors.

**** Build Finished ****

**** Build of configuration Debug for project ADC ****

"C:\\ti\\ccs1030\\ccs\\utils\\bin\\gmake" -k -j 4 all -O 
 
Building file: "../main.c"
Invoking: Arm Compiler
"C:/ti/ccs1030/ccs/tools/compiler/ti-cgt-arm_20.2.4.LTS/bin/armcl" -mv7M4 --code_state=16 --float_support=FPv4SPD16 -me --include_path="C:/Users/pc/OneDrive/Documents/SemesterFour/Microcontroller/TIMERSwithGPTM/ADC.zip_expanded/ADC" --include_path="C:/Users/pc/ti" --include_path="C:/ti/ccs1030/ccs/tools/compiler/ti-cgt-arm_20.2.4.LTS/include" --define=ccs="ccs" --define=PART_TM4C1294NCPDT -g --gcc --diag_warning=225 --diag_wrap=off --display_error_number --abi=eabi --preproc_with_compile --preproc_dependency="main.d_raw"  "../main.c"
 
>> Compilation failure
subdir_rules.mk:9: recipe for target 'main.obj' failed
"../main.c", line 10: fatal error #1965: cannot open source file "inc/tm4c1294ncpdt.h"
1 catastrophic error detected in the compilation of "../main.c".
Compilation terminated.
gmake: *** [main.obj] Error 1
gmake: Target 'all' not remade because of errors.

**** Build Finished ****

**** Build of configuration Debug for project ADC ****

"C:\\ti\\ccs1030\\ccs\\utils\\bin\\gmake" -k -j 4 all -O 
 
Building file: "../main.c"
Invoking: Arm Compiler
"C:/ti/ccs1030/ccs/tools/compiler/ti-cgt-arm_20.2.4.LTS/bin/armcl" -mv7M4 --code_state=16 --float_support=FPv4SPD16 -me --include_path="C:/Users/pc/OneDrive/Documents/SemesterFour/Microcontroller/TIMERSwithGPTM/ADC.zip_expanded/ADC" --include_path="C:/Users/pc/ti" --include_path="C:/ti/ccs1030/ccs/tools/compiler/ti-cgt-arm_20.2.4.LTS/include" --define=ccs="ccs" --define=PART_TM4C1294NCPDT -g --gcc --diag_warning=225 --diag_wrap=off --display_error_number --abi=eabi --preproc_with_compile --preproc_dependency="main.d_raw"  "../main.c"
 
>> Compilation failure
subdir_rules.mk:9: recipe for target 'main.obj' failed
"../main.c", line 10: fatal error #1965: cannot open source file "inc/tm4c1294ncpdt.h"
1 catastrophic error detected in the compilation of "../main.c".
Compilation terminated.
gmake: *** [main.obj] Error 1
gmake: Target 'all' not remade because of errors.

**** Build Finished ****

**** Build of configuration Debug for project ADC ****

"C:\\ti\\ccs1030\\ccs\\utils\\bin\\gmake" -k -j 4 all -O 
 
Building file: "../main.c"
Invoking: Arm Compiler
"C:/ti/ccs1030/ccs/tools/compiler/ti-cgt-arm_20.2.4.LTS/bin/armcl" -mv7M4 --code_state=16 --float_support=FPv4SPD16 -me --include_path="C:/Users/pc/OneDrive/Documents/SemesterFour/Microcontroller/TIMERSwithGPTM/ADC.zip_expanded/ADC" --include_path="C:/ti/TivaWare_C_Series-2.1.4.178" --include_path="C:/ti/ccs1030/ccs/tools/compiler/ti-cgt-arm_20.2.4.LTS/include" --define=ccs="ccs" --define=PART_TM4C1294NCPDT -g --gcc --diag_warning=225 --diag_wrap=off --display_error_number --abi=eabi --preproc_with_compile --preproc_dependency="main.d_raw"  "../main.c"
Finished building: "../main.c"
 
Building target: "ADC.out"
Invoking: Arm Linker
"C:/ti/ccs1030/ccs/tools/compiler/ti-cgt-arm_20.2.4.LTS/bin/armcl" -mv7M4 --code_state=16 --float_support=FPv4SPD16 -me --define=ccs="ccs" --define=PART_TM4C1294NCPDT -g --gcc --diag_warning=225 --diag_wrap=off --display_error_number --abi=eabi -z -m"ADC.map" --heap_size=2048 --stack_size=2048 -i"C:/ti/ccs1030/ccs/tools/compiler/ti-cgt-arm_20.2.4.LTS/lib" -i"C:/ti/ccs1030/ccs/tools/compiler/ti-cgt-arm_20.2.4.LTS/include" --reread_libs --diag_wrap=off --display_error_number --warn_sections --xml_link_info="ADC_linkInfo.xml" --rom_model -o "ADC.out" "./main.obj" "./startup_ccs.obj" "../tm4c1294ncpdt.cmd"  -llibc.a 
<Linking>
Finished building target: "ADC.out"
 

**** Build Finished ****

**** Build of configuration Debug for project UART ****

"C:\\ti\\ccs1030\\ccs\\utils\\bin\\gmake" -k -j 4 all -O 
 
Building file: "../main.c"
Invoking: ARM Compiler
"C:/ti/ccs1030/ccs/tools/compiler/ti-cgt-arm_20.2.4.LTS/bin/armcl" -mv7M4 --code_state=16 --float_support=FPv4SPD16 -me --include_path="C:/Users/pc/OneDrive/Documents/SemesterFour/Microcontroller/TIMERSwithGPTM/UART" --include_path="C:/Users/pc/ti" --include_path="C:/ti/ccs1030/ccs/tools/compiler/ti-cgt-arm_20.2.4.LTS/include" --define=ccs="ccs" --define=PART_TM4C1294NCPDT -g --gcc --diag_warning=225 --diag_wrap=off --display_error_number --abi=eabi --preproc_with_compile --preproc_dependency="main.d_raw"  "../main.c"
 
>> Compilation failure
subdir_rules.mk:9: recipe for target 'main.obj' failed
"../main.c", line 7: fatal error #1965: cannot open source file "inc/tm4c1294ncpdt.h"
1 catastrophic error detected in the compilation of "../main.c".
Compilation terminated.
gmake: *** [main.obj] Error 1
gmake: Target 'all' not remade because of errors.

**** Build Finished ****

**** Build of configuration Debug for project UART ****

"C:\\ti\\ccs1030\\ccs\\utils\\bin\\gmake" -k -j 4 all -O 
 
Building file: "../main.c"
Invoking: ARM Compiler
"C:/ti/ccs1030/ccs/tools/compiler/ti-cgt-arm_20.2.4.LTS/bin/armcl" -mv7M4 --code_state=16 --float_support=FPv4SPD16 -me --include_path="C:/Users/pc/OneDrive/Documents/SemesterFour/Microcontroller/TIMERSwithGPTM/UART" --include_path="C:/ti/TivaWare_C_Series-2.1.4.178" --include_path="C:/ti/ccs1030/ccs/tools/compiler/ti-cgt-arm_20.2.4.LTS/include" --define=ccs="ccs" --define=PART_TM4C1294NCPDT -g --gcc --diag_warning=225 --diag_wrap=off --display_error_number --abi=eabi --preproc_with_compile --preproc_dependency="main.d_raw"  "../main.c"
Finished building: "../main.c"
 
Building target: "UART.out"
Invoking: ARM Linker
"C:/ti/ccs1030/ccs/tools/compiler/ti-cgt-arm_20.2.4.LTS/bin/armcl" -mv7M4 --code_state=16 --float_support=FPv4SPD16 -me --define=ccs="ccs" --define=PART_TM4C1294NCPDT -g --gcc --diag_warning=225 --diag_wrap=off --display_error_number --abi=eabi -z -m"UART.map" --heap_size=2048 --stack_size=2048 -i"C:/ti/ccs1030/ccs/tools/compiler/ti-cgt-arm_20.2.4.LTS/lib" -i"C:/ti/ccs1030/ccs/tools/compiler/ti-cgt-arm_20.2.4.LTS/include" --reread_libs --diag_wrap=off --display_error_number --warn_sections --xml_link_info="UART_linkInfo.xml" --rom_model -o "UART.out" "./main.obj" "./startup_ccs.obj" "../linker_config.cmd"  -llibc.a 
<Linking>
Finished building target: "UART.out"
 

**** Build Finished ****

**** Build of configuration Debug for project UART ****

"C:\\ti\\ccs1030\\ccs\\utils\\bin\\gmake" -k -j 4 all -O 
 
gmake[1]: 'UART.out' is up to date.

**** Build Finished ****

**** Build of configuration Debug for project UART ****

"C:\\ti\\ccs1030\\ccs\\utils\\bin\\gmake" -k -j 4 all -O 
 
gmake[1]: 'UART.out' is up to date.

**** Build Finished ****

**** Build of configuration Debug for project UART ****

"C:\\ti\\ccs1030\\ccs\\utils\\bin\\gmake" -k -j 4 all -O 
 
gmake[1]: 'UART.out' is up to date.

**** Build Finished ****

**** Build of configuration Debug for project UART ****

"C:\\ti\\ccs1030\\ccs\\utils\\bin\\gmake" -k -j 4 all -O 
 
gmake[1]: 'UART.out' is up to date.

**** Build Finished ****

**** Build of configuration Debug for project UART ****

"C:\\ti\\ccs1030\\ccs\\utils\\bin\\gmake" -k -j 4 all -O 
 
gmake[1]: 'UART.out' is up to date.

**** Build Finished ****

**** Build of configuration Debug for project UART ****

"C:\\ti\\ccs1030\\ccs\\utils\\bin\\gmake" -k -j 4 all -O 
 
gmake[1]: 'UART.out' is up to date.

**** Build Finished ****

**** Build of configuration Debug for project UART ****

"C:\\ti\\ccs1030\\ccs\\utils\\bin\\gmake" -k -j 4 all -O 
 
gmake[1]: 'UART.out' is up to date.

**** Build Finished ****

**** Build of configuration Debug for project UART ****

"C:\\ti\\ccs1030\\ccs\\utils\\bin\\gmake" -k -j 4 all -O 
 
gmake[1]: 'UART.out' is up to date.

**** Build Finished ****

**** Build of configuration Debug for project UART ****

"C:\\ti\\ccs1030\\ccs\\utils\\bin\\gmake" -k -j 4 all -O 
 
gmake[1]: 'UART.out' is up to date.

**** Build Finished ****

**** Build of configuration Debug for project ADC ****

"C:\\ti\\ccs1030\\ccs\\utils\\bin\\gmake" -k -j 4 all -O 
 
gmake[1]: 'ADC.out' is up to date.

**** Build Finished ****

**** Build of configuration Debug for project UART ****

"C:\\ti\\ccs1030\\ccs\\utils\\bin\\gmake" -k -j 4 all -O 
 
gmake[1]: 'UART.out' is up to date.

**** Build Finished ****

**** Build of configuration Debug for project UART ****

"C:\\ti\\ccs1030\\ccs\\utils\\bin\\gmake" -k -j 4 all -O 
 
gmake[1]: 'UART.out' is up to date.

**** Build Finished ****

**** Build of configuration Debug for project UART ****

"C:\\ti\\ccs1030\\ccs\\utils\\bin\\gmake" -k -j 4 all -O 
 
gmake[1]: 'UART.out' is up to date.

**** Build Finished ****

**** Build of configuration Debug for project UART ****

"C:\\ti\\ccs1030\\ccs\\utils\\bin\\gmake" -k -j 4 all -O 
 
gmake[1]: 'UART.out' is up to date.

**** Build Finished ****

**** Build of configuration Debug for project UART ****

"C:\\ti\\ccs1030\\ccs\\utils\\bin\\gmake" -k -j 4 all -O 
 
gmake[1]: 'UART.out' is up to date.

**** Build Finished ****

**** Build of configuration Debug for project UART ****

"C:\\ti\\ccs1030\\ccs\\utils\\bin\\gmake" -k -j 4 all -O 
 
gmake[1]: 'UART.out' is up to date.

**** Build Finished ****

**** Build of configuration Debug for project TestUartCom ****

"C:\\ti\\ccs1030\\ccs\\utils\\bin\\gmake" -k -j 4 all -O 
 
gmake[1]: 'TestUartCom.out' is up to date.

**** Build Finished ****

**** Clean-only build of configuration Debug for project Lab5TestUartCom2 ****

"C:\\ti\\ccs1030\\ccs\\utils\\bin\\gmake" -k -j 4 clean -O 
 
DEL /F  "Lab5TestUartCom2.hex"  "Lab5TestUartCom2.out" 
DEL /F "main.obj" "portJHandler.obj" "startup_ccs.obj" 
DEL /F "main.d" "portJHandler.d" "startup_ccs.d" 
Could Not Find C:\Users\pc\OneDrive\Documents\SemesterFour\Microcontroller\TIMERSwithGPTM\Lab5TestUartCom2\Debug\Lab5TestUartCom2.hex
Finished clean
 

**** Build Finished ****

**** Build of configuration Debug for project Lab5TestUartCom2 ****

"C:\\ti\\ccs1030\\ccs\\utils\\bin\\gmake" -k -j 4 all -O 
 
Building file: "../main.c"
Invoking: ARM Compiler
"C:/ti/ccs1030/ccs/tools/compiler/ti-cgt-arm_20.2.4.LTS/bin/armcl" -mv7M4 --code_state=16 --float_support=FPv4SPD16 -me --include_path="C:/Users/pc/OneDrive/Documents/SemesterFour/Microcontroller/TIMERSwithGPTM/Lab5TestUartCom2" --include_path="/Applications/ti/SW-TM4C-2.1.4.178" --include_path="C:/ti/ccs1030/ccs/tools/compiler/ti-cgt-arm_20.2.4.LTS/include" --define=ccs="ccs" --define=PART_TM4C1294NCPDT -g --gcc --diag_warning=225 --diag_wrap=off --display_error_number --abi=eabi --preproc_with_compile --preproc_dependency="main.d_raw"  "../main.c"
 
>> Compilation failure
subdir_rules.mk:9: recipe for target 'main.obj' failed
"../main.c", line 6: fatal error #1965: cannot open source file "inc/tm4c1294ncpdt.h"
1 catastrophic error detected in the compilation of "../main.c".
Compilation terminated.
gmake: *** [main.obj] Error 1
Building file: "../portJHandler.c"
Invoking: ARM Compiler
"C:/ti/ccs1030/ccs/tools/compiler/ti-cgt-arm_20.2.4.LTS/bin/armcl" -mv7M4 --code_state=16 --float_support=FPv4SPD16 -me --include_path="C:/Users/pc/OneDrive/Documents/SemesterFour/Microcontroller/TIMERSwithGPTM/Lab5TestUartCom2" --include_path="/Applications/ti/SW-TM4C-2.1.4.178" --include_path="C:/ti/ccs1030/ccs/tools/compiler/ti-cgt-arm_20.2.4.LTS/include" --define=ccs="ccs" --define=PART_TM4C1294NCPDT -g --gcc --diag_warning=225 --diag_wrap=off --display_error_number --abi=eabi --preproc_with_compile --preproc_dependency="portJHandler.d_raw"  "../portJHandler.c"
 
>> Compilation failure
subdir_rules.mk:9: recipe for target 'portJHandler.obj' failed
"../portJHandler.c", line 1: fatal error #1965: cannot open source file "inc/tm4c1294ncpdt.h"
1 catastrophic error detected in the compilation of "../portJHandler.c".
Compilation terminated.
gmake: *** [portJHandler.obj] Error 1
Building file: "../startup_ccs.c"
Invoking: ARM Compiler
"C:/ti/ccs1030/ccs/tools/compiler/ti-cgt-arm_20.2.4.LTS/bin/armcl" -mv7M4 --code_state=16 --float_support=FPv4SPD16 -me --include_path="C:/Users/pc/OneDrive/Documents/SemesterFour/Microcontroller/TIMERSwithGPTM/Lab5TestUartCom2" --include_path="/Applications/ti/SW-TM4C-2.1.4.178" --include_path="C:/ti/ccs1030/ccs/tools/compiler/ti-cgt-arm_20.2.4.LTS/include" --define=ccs="ccs" --define=PART_TM4C1294NCPDT -g --gcc --diag_warning=225 --diag_wrap=off --display_error_number --abi=eabi --preproc_with_compile --preproc_dependency="startup_ccs.d_raw"  "../startup_ccs.c"
Finished building: "../startup_ccs.c"
 
gmake: Target 'all' not remade because of errors.

**** Build Finished ****

**** Build of configuration Debug for project Lab5TestUartCom2 ****

"C:\\ti\\ccs1030\\ccs\\utils\\bin\\gmake" -k -j 4 all -O 
 
Building file: "../portJHandler.c"
Invoking: ARM Compiler
"C:/ti/ccs1030/ccs/tools/compiler/ti-cgt-arm_20.2.4.LTS/bin/armcl" -mv7M4 --code_state=16 --float_support=FPv4SPD16 -me --include_path="C:/Users/pc/OneDrive/Documents/SemesterFour/Microcontroller/TIMERSwithGPTM/Lab5TestUartCom2" --include_path="C:/Applications/ti/SW-TM4C-2.1.4.178" --include_path="C:/ti/ccs1030/ccs/tools/compiler/ti-cgt-arm_20.2.4.LTS/include" --define=ccs="ccs" --define=PART_TM4C1294NCPDT -g --gcc --diag_warning=225 --diag_wrap=off --display_error_number --abi=eabi --preproc_with_compile --preproc_dependency="portJHandler.d_raw"  "../portJHandler.c"
 
>> Compilation failure
subdir_rules.mk:9: recipe for target 'portJHandler.obj' failed
"../portJHandler.c", line 1: fatal error #1965: cannot open source file "inc/tm4c1294ncpdt.h"
1 catastrophic error detected in the compilation of "../portJHandler.c".
Compilation terminated.
gmake: *** [portJHandler.obj] Error 1
Building file: "../main.c"
Invoking: ARM Compiler
"C:/ti/ccs1030/ccs/tools/compiler/ti-cgt-arm_20.2.4.LTS/bin/armcl" -mv7M4 --code_state=16 --float_support=FPv4SPD16 -me --include_path="C:/Users/pc/OneDrive/Documents/SemesterFour/Microcontroller/TIMERSwithGPTM/Lab5TestUartCom2" --include_path="C:/Applications/ti/SW-TM4C-2.1.4.178" --include_path="C:/ti/ccs1030/ccs/tools/compiler/ti-cgt-arm_20.2.4.LTS/include" --define=ccs="ccs" --define=PART_TM4C1294NCPDT -g --gcc --diag_warning=225 --diag_wrap=off --display_error_number --abi=eabi --preproc_with_compile --preproc_dependency="main.d_raw"  "../main.c"
 
>> Compilation failure
subdir_rules.mk:9: recipe for target 'main.obj' failed
"../main.c", line 6: fatal error #1965: cannot open source file "inc/tm4c1294ncpdt.h"
1 catastrophic error detected in the compilation of "../main.c".
Compilation terminated.
gmake: *** [main.obj] Error 1
gmake: Target 'all' not remade because of errors.

**** Build Finished ****

**** Clean-only build of configuration Debug for project Lab4TestUartCom ****

"C:\\ti\\ccs1030\\ccs\\utils\\bin\\gmake" -k -j 4 clean -O 
 
DEL /F  "Lab4TestUartCom.hex"  "Lab4TestUartCom.out" 
DEL /F "main.obj" "portJHandler.obj" "startup_ccs.obj" 
DEL /F "main.d" "portJHandler.d" "startup_ccs.d" 
Could Not Find C:\Users\pc\OneDrive\Documents\SemesterFour\Microcontroller\TIMERSwithGPTM\Lab4TestUartCom\Debug\Lab4TestUartCom.hex
Finished clean
 

**** Build Finished ****

**** Build of configuration Debug for project Lab4TestUartCom ****

"C:\\ti\\ccs1030\\ccs\\utils\\bin\\gmake" -k -j 4 all -O 
 
Building file: "../IntPortJHandler.c"
Invoking: ARM Compiler
"C:/ti/ccs1030/ccs/tools/compiler/ti-cgt-arm_20.2.4.LTS/bin/armcl" -mv7M4 --code_state=16 --float_support=FPv4SPD16 -me --include_path="C:/Users/pc/OneDrive/Documents/SemesterFour/Microcontroller/TIMERSwithGPTM/Lab4TestUartCom" --include_path="C:/Applications/ti/SW-TM4C-2.1.4.178" --include_path="C:/ti/ccs1030/ccs/tools/compiler/ti-cgt-arm_20.2.4.LTS/include" --define=ccs="ccs" --define=PART_TM4C1294NCPDT -g --gcc --diag_warning=225 --diag_wrap=off --display_error_number --abi=eabi --preproc_with_compile --preproc_dependency="IntPortJHandler.d_raw"  "../IntPortJHandler.c"
 
>> Compilation failure
subdir_rules.mk:9: recipe for target 'IntPortJHandler.obj' failed
"../IntPortJHandler.c", line 1: fatal error #1965: cannot open source file "inc/tm4c1294ncpdt.h"
1 catastrophic error detected in the compilation of "../IntPortJHandler.c".
Compilation terminated.
gmake: *** [IntPortJHandler.obj] Error 1
Building file: "../main.c"
Invoking: ARM Compiler
"C:/ti/ccs1030/ccs/tools/compiler/ti-cgt-arm_20.2.4.LTS/bin/armcl" -mv7M4 --code_state=16 --float_support=FPv4SPD16 -me --include_path="C:/Users/pc/OneDrive/Documents/SemesterFour/Microcontroller/TIMERSwithGPTM/Lab4TestUartCom" --include_path="C:/Applications/ti/SW-TM4C-2.1.4.178" --include_path="C:/ti/ccs1030/ccs/tools/compiler/ti-cgt-arm_20.2.4.LTS/include" --define=ccs="ccs" --define=PART_TM4C1294NCPDT -g --gcc --diag_warning=225 --diag_wrap=off --display_error_number --abi=eabi --preproc_with_compile --preproc_dependency="main.d_raw"  "../main.c"
 
>> Compilation failure
subdir_rules.mk:9: recipe for target 'main.obj' failed
"../main.c", line 6: fatal error #1965: cannot open source file "inc/tm4c1294ncpdt.h"
1 catastrophic error detected in the compilation of "../main.c".
Compilation terminated.
gmake: *** [main.obj] Error 1
Building file: "../startup_ccs.c"
Invoking: ARM Compiler
"C:/ti/ccs1030/ccs/tools/compiler/ti-cgt-arm_20.2.4.LTS/bin/armcl" -mv7M4 --code_state=16 --float_support=FPv4SPD16 -me --include_path="C:/Users/pc/OneDrive/Documents/SemesterFour/Microcontroller/TIMERSwithGPTM/Lab4TestUartCom" --include_path="C:/Applications/ti/SW-TM4C-2.1.4.178" --include_path="C:/ti/ccs1030/ccs/tools/compiler/ti-cgt-arm_20.2.4.LTS/include" --define=ccs="ccs" --define=PART_TM4C1294NCPDT -g --gcc --diag_warning=225 --diag_wrap=off --display_error_number --abi=eabi --preproc_with_compile --preproc_dependency="startup_ccs.d_raw"  "../startup_ccs.c"
Finished building: "../startup_ccs.c"
 
gmake: Target 'all' not remade because of errors.

**** Build Finished ****

**** Build of configuration Debug for project Lab4TestUartCom ****

"C:\\ti\\ccs1030\\ccs\\utils\\bin\\gmake" -k -j 4 all -O 
 
Building file: "../IntPortJHandler.c"
Invoking: ARM Compiler
"C:/ti/ccs1030/ccs/tools/compiler/ti-cgt-arm_20.2.4.LTS/bin/armcl" -mv7M4 --code_state=16 --float_support=FPv4SPD16 -me --include_path="C:/Users/pc/OneDrive/Documents/SemesterFour/Microcontroller/TIMERSwithGPTM/Lab4TestUartCom" --include_path="C:/ti/TivaWare_C_Series-2.1.4.178" --include_path="C:/ti/ccs1030/ccs/tools/compiler/ti-cgt-arm_20.2.4.LTS/include" --define=ccs="ccs" --define=PART_TM4C1294NCPDT -g --gcc --diag_warning=225 --diag_wrap=off --display_error_number --abi=eabi --preproc_with_compile --preproc_dependency="IntPortJHandler.d_raw"  "../IntPortJHandler.c"
Finished building: "../IntPortJHandler.c"
 
Building file: "../main.c"
Invoking: ARM Compiler
"C:/ti/ccs1030/ccs/tools/compiler/ti-cgt-arm_20.2.4.LTS/bin/armcl" -mv7M4 --code_state=16 --float_support=FPv4SPD16 -me --include_path="C:/Users/pc/OneDrive/Documents/SemesterFour/Microcontroller/TIMERSwithGPTM/Lab4TestUartCom" --include_path="C:/ti/TivaWare_C_Series-2.1.4.178" --include_path="C:/ti/ccs1030/ccs/tools/compiler/ti-cgt-arm_20.2.4.LTS/include" --define=ccs="ccs" --define=PART_TM4C1294NCPDT -g --gcc --diag_warning=225 --diag_wrap=off --display_error_number --abi=eabi --preproc_with_compile --preproc_dependency="main.d_raw"  "../main.c"
"../main.c", line 169: warning #169-D: argument of type "volatile unsigned char *" is incompatible with parameter of type "void *"
Finished building: "../main.c"
 
Building target: "Lab4TestUartCom.out"
Invoking: ARM Linker
"C:/ti/ccs1030/ccs/tools/compiler/ti-cgt-arm_20.2.4.LTS/bin/armcl" -mv7M4 --code_state=16 --float_support=FPv4SPD16 -me --define=ccs="ccs" --define=PART_TM4C1294NCPDT -g --gcc --diag_warning=225 --diag_wrap=off --display_error_number --abi=eabi -z -m"Lab4TestUartCom.map" --heap_size=2048 --stack_size=2048 -i"C:/ti/ccs1030/ccs/tools/compiler/ti-cgt-arm_20.2.4.LTS/lib" -i"C:/ti/ccs1030/ccs/tools/compiler/ti-cgt-arm_20.2.4.LTS/include" --reread_libs --diag_wrap=off --display_error_number --warn_sections --xml_link_info="Lab4TestUartCom_linkInfo.xml" --rom_model -o "Lab4TestUartCom.out" "./IntPortJHandler.obj" "./main.obj" "./startup_ccs.obj" "../linker_config.cmd"  -llibc.a 
<Linking>
Finished building target: "Lab4TestUartCom.out"
 

**** Build Finished ****

**** Build of configuration Debug for project Lab4TestUartCom ****

"C:\\ti\\ccs1030\\ccs\\utils\\bin\\gmake" -k -j 4 all -O 
 
gmake[1]: 'Lab4TestUartCom.out' is up to date.

**** Build Finished ****

**** Build of configuration Debug for project Lab4TestUartCom ****

"C:\\ti\\ccs1030\\ccs\\utils\\bin\\gmake" -k -j 4 all -O 
 
gmake[1]: 'Lab4TestUartCom.out' is up to date.

**** Build Finished ****

**** Build of configuration Debug for project Lab4TestUartCom ****

"C:\\ti\\ccs1030\\ccs\\utils\\bin\\gmake" -k -j 4 all -O 
 
gmake[1]: 'Lab4TestUartCom.out' is up to date.

**** Build Finished ****

**** Build of configuration Debug for project Lab4TestUartCom ****

"C:\\ti\\ccs1030\\ccs\\utils\\bin\\gmake" -k -j 4 all -O 
 
gmake[1]: 'Lab4TestUartCom.out' is up to date.

**** Build Finished ****

**** Build of configuration Debug for project Lab4TestUartCom ****

"C:\\ti\\ccs1030\\ccs\\utils\\bin\\gmake" -k -j 4 all -O 
 
gmake[1]: 'Lab4TestUartCom.out' is up to date.

**** Build Finished ****

**** Build of configuration Debug for project Lab4TestUartCom ****

"C:\\ti\\ccs1030\\ccs\\utils\\bin\\gmake" -k -j 4 all -O 
 
gmake[1]: 'Lab4TestUartCom.out' is up to date.

**** Build Finished ****

**** Build of configuration Debug for project Lab4TestUartCom ****

"C:\\ti\\ccs1030\\ccs\\utils\\bin\\gmake" -k -j 4 all -O 
 
gmake[1]: 'Lab4TestUartCom.out' is up to date.

**** Build Finished ****

**** Build of configuration Debug for project Lab4TestUartCom ****

"C:\\ti\\ccs1030\\ccs\\utils\\bin\\gmake" -k -j 4 all -O 
 
gmake[1]: 'Lab4TestUartCom.out' is up to date.

**** Build Finished ****

**** Build of configuration Debug for project Lab4TestUartCom ****

"C:\\ti\\ccs1030\\ccs\\utils\\bin\\gmake" -k -j 4 all -O 
 
gmake[1]: 'Lab4TestUartCom.out' is up to date.

**** Build Finished ****

**** Build of configuration Debug for project Lab4TestUartCom ****

"C:\\ti\\ccs1030\\ccs\\utils\\bin\\gmake" -k -j 4 all -O 
 
gmake[1]: 'Lab4TestUartCom.out' is up to date.

**** Build Finished ****

**** Build of configuration Debug for project Lab4TestUartCom ****

"C:\\ti\\ccs1030\\ccs\\utils\\bin\\gmake" -k -j 4 all -O 
 
gmake[1]: 'Lab4TestUartCom.out' is up to date.

**** Build Finished ****

**** Build of configuration Debug for project Lab4TestUartCom ****

"C:\\ti\\ccs1030\\ccs\\utils\\bin\\gmake" -k -j 4 all -O 
 
Building file: "../IntPortJHandler.c"
Invoking: ARM Compiler
"C:/ti/ccs1030/ccs/tools/compiler/ti-cgt-arm_20.2.4.LTS/bin/armcl" -mv7M4 --code_state=16 --float_support=FPv4SPD16 -me --include_path="C:/Users/pc/OneDrive/Documents/SemesterFour/Microcontroller/TIMERSwithGPTM/Lab4TestUartCom" --include_path="C:/ti/TivaWare_C_Series-2.1.4.178" --include_path="C:/ti/ccs1030/ccs/tools/compiler/ti-cgt-arm_20.2.4.LTS/include" --define=ccs="ccs" --define=PART_TM4C1294NCPDT -g --gcc --diag_warning=225 --diag_wrap=off --display_error_number --abi=eabi --preproc_with_compile --preproc_dependency="IntPortJHandler.d_raw"  "../IntPortJHandler.c"
Finished building: "../IntPortJHandler.c"
 
Building target: "Lab4TestUartCom.out"
Invoking: ARM Linker
"C:/ti/ccs1030/ccs/tools/compiler/ti-cgt-arm_20.2.4.LTS/bin/armcl" -mv7M4 --code_state=16 --float_support=FPv4SPD16 -me --define=ccs="ccs" --define=PART_TM4C1294NCPDT -g --gcc --diag_warning=225 --diag_wrap=off --display_error_number --abi=eabi -z -m"Lab4TestUartCom.map" --heap_size=2048 --stack_size=2048 -i"C:/ti/ccs1030/ccs/tools/compiler/ti-cgt-arm_20.2.4.LTS/lib" -i"C:/ti/ccs1030/ccs/tools/compiler/ti-cgt-arm_20.2.4.LTS/include" --reread_libs --diag_wrap=off --display_error_number --warn_sections --xml_link_info="Lab4TestUartCom_linkInfo.xml" --rom_model -o "Lab4TestUartCom.out" "./IntPortJHandler.obj" "./main.obj" "./startup_ccs.obj" "../linker_config.cmd"  -llibc.a 
<Linking>
Finished building target: "Lab4TestUartCom.out"
 

**** Build Finished ****

**** Build of configuration Debug for project Lab4TestUartCom ****

"C:\\ti\\ccs1030\\ccs\\utils\\bin\\gmake" -k -j 4 all -O 
 
gmake[1]: 'Lab4TestUartCom.out' is up to date.

**** Build Finished ****

**** Build of configuration Debug for project Lab4TestUartCom ****

"C:\\ti\\ccs1030\\ccs\\utils\\bin\\gmake" -k -j 4 all -O 
 
Building file: "../IntPortJHandler.c"
Invoking: ARM Compiler
"C:/ti/ccs1030/ccs/tools/compiler/ti-cgt-arm_20.2.4.LTS/bin/armcl" -mv7M4 --code_state=16 --float_support=FPv4SPD16 -me --include_path="C:/Users/pc/OneDrive/Documents/SemesterFour/Microcontroller/TIMERSwithGPTM/Lab4TestUartCom" --include_path="C:/ti/TivaWare_C_Series-2.1.4.178" --include_path="C:/ti/ccs1030/ccs/tools/compiler/ti-cgt-arm_20.2.4.LTS/include" --define=ccs="ccs" --define=PART_TM4C1294NCPDT -g --gcc --diag_warning=225 --diag_wrap=off --display_error_number --abi=eabi --preproc_with_compile --preproc_dependency="IntPortJHandler.d_raw"  "../IntPortJHandler.c"
Finished building: "../IntPortJHandler.c"
 
Building target: "Lab4TestUartCom.out"
Invoking: ARM Linker
"C:/ti/ccs1030/ccs/tools/compiler/ti-cgt-arm_20.2.4.LTS/bin/armcl" -mv7M4 --code_state=16 --float_support=FPv4SPD16 -me --define=ccs="ccs" --define=PART_TM4C1294NCPDT -g --gcc --diag_warning=225 --diag_wrap=off --display_error_number --abi=eabi -z -m"Lab4TestUartCom.map" --heap_size=2048 --stack_size=2048 -i"C:/ti/ccs1030/ccs/tools/compiler/ti-cgt-arm_20.2.4.LTS/lib" -i"C:/ti/ccs1030/ccs/tools/compiler/ti-cgt-arm_20.2.4.LTS/include" --reread_libs --diag_wrap=off --display_error_number --warn_sections --xml_link_info="Lab4TestUartCom_linkInfo.xml" --rom_model -o "Lab4TestUartCom.out" "./IntPortJHandler.obj" "./main.obj" "./startup_ccs.obj" "../linker_config.cmd"  -llibc.a 
<Linking>
Finished building target: "Lab4TestUartCom.out"
 

**** Build Finished ****

**** Build of configuration Debug for project Lab4TestUartCom ****

"C:\\ti\\ccs1030\\ccs\\utils\\bin\\gmake" -k -j 4 all -O 
 
gmake[1]: 'Lab4TestUartCom.out' is up to date.

**** Build Finished ****

**** Build of configuration Debug for project Lab4TestUartCom ****

"C:\\ti\\ccs1030\\ccs\\utils\\bin\\gmake" -k -j 4 all -O 
 
Building file: "../IntPortJHandler.c"
Invoking: ARM Compiler
"C:/ti/ccs1030/ccs/tools/compiler/ti-cgt-arm_20.2.4.LTS/bin/armcl" -mv7M4 --code_state=16 --float_support=FPv4SPD16 -me --include_path="C:/Users/pc/OneDrive/Documents/SemesterFour/Microcontroller/TIMERSwithGPTM/Lab4TestUartCom" --include_path="C:/ti/TivaWare_C_Series-2.1.4.178" --include_path="C:/ti/ccs1030/ccs/tools/compiler/ti-cgt-arm_20.2.4.LTS/include" --define=ccs="ccs" --define=PART_TM4C1294NCPDT -g --gcc --diag_warning=225 --diag_wrap=off --display_error_number --abi=eabi --preproc_with_compile --preproc_dependency="IntPortJHandler.d_raw"  "../IntPortJHandler.c"
Finished building: "../IntPortJHandler.c"
 
Building target: "Lab4TestUartCom.out"
Invoking: ARM Linker
"C:/ti/ccs1030/ccs/tools/compiler/ti-cgt-arm_20.2.4.LTS/bin/armcl" -mv7M4 --code_state=16 --float_support=FPv4SPD16 -me --define=ccs="ccs" --define=PART_TM4C1294NCPDT -g --gcc --diag_warning=225 --diag_wrap=off --display_error_number --abi=eabi -z -m"Lab4TestUartCom.map" --heap_size=2048 --stack_size=2048 -i"C:/ti/ccs1030/ccs/tools/compiler/ti-cgt-arm_20.2.4.LTS/lib" -i"C:/ti/ccs1030/ccs/tools/compiler/ti-cgt-arm_20.2.4.LTS/include" --reread_libs --diag_wrap=off --display_error_number --warn_sections --xml_link_info="Lab4TestUartCom_linkInfo.xml" --rom_model -o "Lab4TestUartCom.out" "./IntPortJHandler.obj" "./main.obj" "./startup_ccs.obj" "../linker_config.cmd"  -llibc.a 
<Linking>
Finished building target: "Lab4TestUartCom.out"
 

**** Build Finished ****

**** Build of configuration Debug for project Lab4TestUartCom ****

"C:\\ti\\ccs1030\\ccs\\utils\\bin\\gmake" -k -j 4 all -O 
 
gmake[1]: 'Lab4TestUartCom.out' is up to date.

**** Build Finished ****

**** Build of configuration Debug for project Lab4TestUartCom ****

"C:\\ti\\ccs1030\\ccs\\utils\\bin\\gmake" -k -j 4 all -O 
 
gmake[1]: 'Lab4TestUartCom.out' is up to date.

**** Build Finished ****
